<?xml version="1.0"?><coverage lines-covered="335" lines-valid="855" line-rate="0.391812865497076" branches-covered="0" branches-valid="0" branch-rate="0" complexity="0" version="1.9" timestamp="1764175436"><sources><source>D:\code\github-secrets</source></sources><packages><package name="tests" line-rate="0" branch-rate="0" complexity="0"><classes></classes></package><package name="src" line-rate="0.391812865497076" branch-rate="0" complexity="0"><classes><class name="app" filename="src\app.rs" line-rate="0" branch-rate="0" complexity="0"><methods/><lines><line number="25" hits="0"/><line number="27" hits="0"/><line number="29" hits="0"/><line number="33" hits="0"/><line number="35" hits="0"/><line number="38" hits="0"/><line number="40" hits="0"/><line number="41" hits="0"/><line number="42" hits="0"/><line number="44" hits="0"/><line number="46" hits="0"/><line number="47" hits="0"/><line number="48" hits="0"/><line number="50" hits="0"/><line number="52" hits="0"/><line number="53" hits="0"/><line number="54" hits="0"/><line number="57" hits="0"/><line number="58" hits="0"/><line number="59" hits="0"/><line number="60" hits="0"/><line number="61" hits="0"/><line number="62" hits="0"/><line number="63" hits="0"/><line number="66" hits="0"/><line number="67" hits="0"/><line number="70" hits="0"/><line number="72" hits="0"/><line number="73" hits="0"/><line number="74" hits="0"/><line number="76" hits="0"/><line number="77" hits="0"/><line number="78" hits="0"/><line number="79" hits="0"/><line number="80" hits="0"/><line number="82" hits="0"/><line number="85" hits="0"/><line number="86" hits="0"/><line number="87" hits="0"/><line number="91" hits="0"/><line number="93" hits="0"/><line number="95" hits="0"/><line number="96" hits="0"/><line number="97" hits="0"/><line number="100" hits="0"/><line number="102" hits="0"/><line number="103" hits="0"/><line number="104" hits="0"/><line number="105" hits="0"/><line number="106" hits="0"/><line number="107" hits="0"/><line number="108" hits="0"/><line number="109" hits="0"/><line number="110" hits="0"/><line number="112" hits="0"/><line number="113" hits="0"/><line number="114" hits="0"/><line number="115" hits="0"/><line number="116" hits="0"/><line number="118" hits="0"/><line number="123" hits="0"/><line number="125" hits="0"/><line number="126" hits="0"/><line number="127" hits="0"/><line number="129" hits="0"/><line number="131" hits="0"/><line number="132" hits="0"/><line number="133" hits="0"/><line number="134" hits="0"/><line number="135" hits="0"/><line number="136" hits="0"/><line number="137" hits="0"/><line number="138" hits="0"/><line number="139" hits="0"/><line number="141" hits="0"/><line number="142" hits="0"/><line number="143" hits="0"/><line number="144" hits="0"/><line number="145" hits="0"/><line number="148" hits="0"/><line number="150" hits="0"/><line number="152" hits="0"/><line number="153" hits="0"/><line number="154" hits="0"/><line number="155" hits="0"/><line number="156" hits="0"/><line number="157" hits="0"/><line number="158" hits="0"/><line number="160" hits="0"/><line number="161" hits="0"/><line number="162" hits="0"/><line number="163" hits="0"/><line number="166" hits="0"/><line number="167" hits="0"/><line number="168" hits="0"/><line number="169" hits="0"/><line number="170" hits="0"/><line number="172" hits="0"/><line number="176" hits="0"/><line number="179" hits="0"/><line number="180" hits="0"/><line number="181" hits="0"/><line number="183" hits="0"/><line number="184" hits="0"/><line number="186" hits="0"/><line number="187" hits="0"/><line number="188" hits="0"/><line number="189" hits="0"/><line number="191" hits="0"/><line number="192" hits="0"/><line number="193" hits="0"/><line number="194" hits="0"/><line number="196" hits="0"/><line number="197" hits="0"/><line number="198" hits="0"/><line number="199" hits="0"/><line number="204" hits="0"/><line number="205" hits="0"/><line number="206" hits="0"/><line number="207" hits="0"/><line number="209" hits="0"/><line number="212" hits="0"/><line number="213" hits="0"/><line number="214" hits="0"/><line number="215" hits="0"/><line number="216" hits="0"/><line number="217" hits="0"/><line number="218" hits="0"/><line number="219" hits="0"/><line number="220" hits="0"/><line number="221" hits="0"/><line number="222" hits="0"/><line number="226" hits="0"/><line number="227" hits="0"/><line number="228" hits="0"/><line number="229" hits="0"/><line number="230" hits="0"/><line number="231" hits="0"/><line number="232" hits="0"/><line number="233" hits="0"/><line number="234" hits="0"/><line number="235" hits="0"/><line number="236" hits="0"/><line number="237" hits="0"/><line number="238" hits="0"/><line number="239" hits="0"/><line number="240" hits="0"/><line number="242" hits="0"/><line number="247" hits="0"/><line number="248" hits="0"/><line number="250" hits="0"/><line number="251" hits="0"/><line number="252" hits="0"/><line number="255" hits="0"/><line number="256" hits="0"/><line number="257" hits="0"/><line number="261" hits="0"/><line number="262" hits="0"/><line number="263" hits="0"/><line number="266" hits="0"/><line number="267" hits="0"/><line number="268" hits="0"/><line number="269" hits="0"/><line number="270" hits="0"/><line number="271" hits="0"/><line number="272" hits="0"/><line number="273" hits="0"/><line number="275" hits="0"/><line number="276" hits="0"/><line number="278" hits="0"/><line number="279" hits="0"/><line number="282" hits="0"/><line number="283" hits="0"/><line number="285" hits="0"/><line number="286" hits="0"/><line number="287" hits="0"/><line number="288" hits="0"/><line number="289" hits="0"/><line number="290" hits="0"/><line number="291" hits="0"/><line number="292" hits="0"/><line number="294" hits="0"/><line number="295" hits="0"/><line number="296" hits="0"/><line number="297" hits="0"/><line number="303" hits="0"/><line number="304" hits="0"/><line number="306" hits="0"/><line number="307" hits="0"/><line number="308" hits="0"/><line number="309" hits="0"/><line number="310" hits="0"/><line number="311" hits="0"/><line number="312" hits="0"/><line number="314" hits="0"/><line number="315" hits="0"/><line number="316" hits="0"/><line number="317" hits="0"/><line number="319" hits="0"/><line number="320" hits="0"/><line number="321" hits="0"/><line number="322" hits="0"/><line number="327" hits="0"/></lines></class><class name="config" filename="src\config.rs" line-rate="1" branch-rate="0" complexity="0"><methods/><lines><line number="39" hits="1152921504606846976"/><line number="40" hits="2305843009213693952"/><line number="50" hits="864691128455135232"/><line number="51" hits="1297036692682702848"/><line number="52" hits="1729382256910270464"/><line number="54" hits="864691128455135232"/><line number="62" hits="792633534417207296"/><line number="63" hits="2377900603251621888"/><line number="64" hits="792633534417207296"/><line number="65" hits="3963167672086036480"/><line number="68" hits="1585267068834414592"/><line number="69" hits="576460752303423488"/><line number="70" hits="288230376151711744"/><line number="74" hits="1585267068834414592"/><line number="75" hits="288230376151711744"/><line number="79" hits="3170534137668829184"/><line number="80" hits="1873497444986126336"/><line number="81" hits="1224979098644774912"/><line number="82" hits="1729382256910270464"/><line number="83" hits="1152921504606846976"/><line number="86" hits="504403158265495552"/><line number="94" hits="144115188075855872"/><line number="95" hits="144115188075855872"/></lines></class><class name="error" filename="src\error.rs" line-rate="1" branch-rate="0" complexity="0"><methods/><lines><line number="33" hits="288230376151711744"/><line number="34" hits="1152921504606846976"/><line number="35" hits="576460752303423488"/><line number="36" hits="1585267068834414592"/><line number="37" hits="2161727821137838080"/><line number="38" hits="432345564227567616"/><line number="40" hits="576460752303423488"/></lines></class><class name="errors" filename="src\errors.rs" line-rate="0" branch-rate="0" complexity="0"><methods/><lines><line number="49" hits="0"/><line number="50" hits="0"/><line number="52" hits="0"/><line number="53" hits="0"/><line number="54" hits="0"/><line number="56" hits="0"/><line number="57" hits="0"/><line number="58" hits="0"/></lines></class><class name="github" filename="src\github.rs" line-rate="0.88" branch-rate="0" complexity="0"><methods/><lines><line number="51" hits="360287970189639680"/><line number="52" hits="720575940379279360"/><line number="53" hits="720575940379279360"/><line number="57" hits="360287970189639680"/><line number="58" hits="720575940379279360"/><line number="59" hits="360287970189639680"/><line number="60" hits="360287970189639680"/><line number="66" hits="216172782113783808"/><line number="74" hits="288230376151711744"/><line number="75" hits="288230376151711744"/><line number="80" hits="576460752303423488"/><line number="81" hits="288230376151711744"/><line number="82" hits="432345564227567616"/><line number="83" hits="144115188075855872"/><line number="86" hits="144115188075855872"/><line number="93" hits="576460752303423488"/><line number="96" hits="1080863910568919040"/><line number="97" hits="1152921504606846976"/><line number="100" hits="504403158265495552"/><line number="101" hits="72057594037927936"/><line number="102" hits="72057594037927936"/><line number="104" hits="144115188075855872"/><line number="108" hits="864691128455135232"/><line number="109" hits="1297036692682702848"/><line number="112" hits="1297036692682702848"/><line number="113" hits="1297036692682702848"/><line number="115" hits="1729382256910270464"/><line number="117" hits="864691128455135232"/><line number="136" hits="144115188075855872"/><line number="137" hits="360287970189639680"/><line number="138" hits="216172782113783808"/><line number="139" hits="144115188075855872"/><line number="140" hits="72057594037927936"/><line number="142" hits="72057594037927936"/><line number="143" hits="72057594037927936"/><line number="144" hits="216172782113783808"/><line number="145" hits="72057594037927936"/><line number="147" hits="0"/><line number="148" hits="288230376151711744"/><line number="149" hits="0"/><line number="153" hits="288230376151711744"/><line number="154" hits="432345564227567616"/><line number="155" hits="288230376151711744"/><line number="156" hits="432345564227567616"/><line number="165" hits="720575940379279360"/><line number="166" hits="432345564227567616"/><line number="167" hits="288230376151711744"/><line number="168" hits="144115188075855872"/><line number="172" hits="144115188075855872"/><line number="177" hits="144115188075855872"/><line number="178" hits="144115188075855872"/><line number="179" hits="432345564227567616"/><line number="180" hits="144115188075855872"/><line number="182" hits="0"/><line number="185" hits="72057594037927936"/><line number="188" hits="216172782113783808"/><line number="189" hits="144115188075855872"/><line number="194" hits="0"/><line number="197" hits="72057594037927936"/><line number="199" hits="144115188075855872"/><line number="200" hits="72057594037927936"/><line number="201" hits="144115188075855872"/><line number="205" hits="144115188075855872"/><line number="206" hits="72057594037927936"/><line number="208" hits="216172782113783808"/><line number="210" hits="216172782113783808"/><line number="211" hits="216172782113783808"/><line number="213" hits="144115188075855872"/><line number="215" hits="0"/><line number="216" hits="0"/><line number="218" hits="0"/><line number="219" hits="0"/><line number="221" hits="0"/><line number="223" hits="72057594037927936"/><line number="227" hits="72057594037927936"/></lines></class><class name="main" filename="src\main.rs" line-rate="0" branch-rate="0" complexity="0"><methods/><lines><line number="15" hits="0"/><line number="16" hits="0"/></lines></class><class name="paths" filename="src\paths.rs" line-rate="0.7755102040816326" branch-rate="0" complexity="0"><methods/><lines><line number="16" hits="648518346341351424"/><line number="18" hits="864691128455135232"/><line number="19" hits="648518346341351424"/><line number="20" hits="216172782113783808"/><line number="21" hits="216172782113783808"/><line number="26" hits="864691128455135232"/><line number="27" hits="864691128455135232"/><line number="28" hits="432345564227567616"/><line number="29" hits="144115188075855872"/><line number="34" hits="576460752303423488"/><line number="35" hits="576460752303423488"/><line number="39" hits="288230376151711744"/><line number="40" hits="0"/><line number="45" hits="432345564227567616"/><line number="46" hits="288230376151711744"/><line number="49" hits="144115188075855872"/><line number="50" hits="144115188075855872"/><line number="55" hits="288230376151711744"/><line number="56" hits="144115188075855872"/><line number="57" hits="144115188075855872"/><line number="58" hits="144115188075855872"/><line number="59" hits="144115188075855872"/><line number="60" hits="0"/><line number="61" hits="0"/><line number="63" hits="0"/><line number="72" hits="360287970189639680"/><line number="74" hits="720575940379279360"/><line number="75" hits="360287970189639680"/><line number="76" hits="144115188075855872"/><line number="79" hits="288230376151711744"/><line number="80" hits="288230376151711744"/><line number="83" hits="144115188075855872"/><line number="84" hits="0"/><line number="87" hits="144115188075855872"/><line number="91" hits="432345564227567616"/><line number="92" hits="432345564227567616"/><line number="93" hits="216172782113783808"/><line number="94" hits="216172782113783808"/><line number="97" hits="432345564227567616"/><line number="98" hits="432345564227567616"/><line number="101" hits="360287970189639680"/><line number="102" hits="72057594037927936"/><line number="105" hits="216172782113783808"/><line number="110" hits="0"/><line number="111" hits="0"/><line number="114" hits="0"/><line number="115" hits="0"/><line number="116" hits="0"/><line number="121" hits="0"/></lines></class><class name="prompt" filename="src\prompt.rs" line-rate="0.3235294117647059" branch-rate="0" complexity="0"><methods/><lines><line number="50" hits="0"/><line number="52" hits="0"/><line number="53" hits="0"/><line number="55" hits="0"/><line number="56" hits="0"/><line number="57" hits="0"/><line number="59" hits="0"/><line number="60" hits="0"/><line number="61" hits="0"/><line number="62" hits="0"/><line number="63" hits="0"/><line number="64" hits="0"/><line number="67" hits="0"/><line number="68" hits="0"/><line number="69" hits="0"/><line number="70" hits="0"/><line number="71" hits="0"/><line number="72" hits="0"/><line number="73" hits="0"/><line number="74" hits="0"/><line number="75" hits="0"/><line number="80" hits="0"/><line number="81" hits="0"/><line number="82" hits="0"/><line number="85" hits="0"/><line number="86" hits="0"/><line number="87" hits="0"/><line number="90" hits="0"/><line number="92" hits="0"/><line number="94" hits="0"/><line number="95" hits="0"/><line number="96" hits="0"/><line number="97" hits="0"/><line number="99" hits="0"/><line number="100" hits="0"/><line number="101" hits="0"/><line number="106" hits="0"/><line number="108" hits="0"/><line number="109" hits="0"/><line number="112" hits="0"/><line number="115" hits="0"/><line number="116" hits="0"/><line number="117" hits="0"/><line number="119" hits="0"/><line number="120" hits="0"/><line number="121" hits="0"/><line number="123" hits="0"/><line number="127" hits="0"/><line number="129" hits="0"/><line number="130" hits="0"/><line number="131" hits="0"/><line number="134" hits="0"/><line number="135" hits="0"/><line number="138" hits="0"/><line number="141" hits="0"/><line number="142" hits="0"/><line number="143" hits="0"/><line number="147" hits="0"/><line number="148" hits="0"/><line number="150" hits="0"/><line number="152" hits="0"/><line number="153" hits="0"/><line number="154" hits="0"/><line number="155" hits="0"/><line number="158" hits="0"/><line number="160" hits="0"/><line number="161" hits="0"/><line number="162" hits="0"/><line number="164" hits="0"/><line number="165" hits="0"/><line number="166" hits="0"/><line number="168" hits="0"/><line number="169" hits="0"/><line number="170" hits="0"/><line number="172" hits="0"/><line number="180" hits="0"/><line number="181" hits="0"/><line number="183" hits="0"/><line number="193" hits="72057594037927936"/><line number="202" hits="216172782113783808"/><line number="206" hits="144115188075855872"/><line number="207" hits="216172782113783808"/><line number="208" hits="216172782113783808"/><line number="209" hits="144115188075855872"/><line number="212" hits="144115188075855872"/><line number="213" hits="216172782113783808"/><line number="215" hits="0"/><line number="220" hits="144115188075855872"/><line number="222" hits="144115188075855872"/><line number="223" hits="144115188075855872"/><line number="224" hits="144115188075855872"/><line number="225" hits="144115188075855872"/><line number="226" hits="72057594037927936"/><line number="227" hits="72057594037927936"/><line number="229" hits="144115188075855872"/><line number="232" hits="0"/><line number="233" hits="0"/><line number="234" hits="0"/><line number="235" hits="0"/><line number="236" hits="0"/><line number="238" hits="0"/><line number="241" hits="144115188075855872"/><line number="244" hits="72057594037927936"/><line number="245" hits="0"/><line number="246" hits="0"/><line number="247" hits="0"/><line number="248" hits="0"/><line number="250" hits="216172782113783808"/><line number="251" hits="144115188075855872"/><line number="252" hits="0"/><line number="254" hits="72057594037927936"/><line number="259" hits="216172782113783808"/><line number="261" hits="72057594037927936"/><line number="262" hits="72057594037927936"/><line number="263" hits="72057594037927936"/><line number="265" hits="288230376151711744"/><line number="266" hits="144115188075855872"/><line number="267" hits="288230376151711744"/><line number="271" hits="144115188075855872"/><line number="272" hits="72057594037927936"/><line number="274" hits="0"/><line number="276" hits="72057594037927936"/><line number="277" hits="144115188075855872"/><line number="278" hits="432345564227567616"/><line number="279" hits="216172782113783808"/><line number="281" hits="144115188075855872"/><line number="282" hits="72057594037927936"/><line number="283" hits="360287970189639680"/><line number="285" hits="360287970189639680"/><line number="286" hits="144115188075855872"/><line number="287" hits="144115188075855872"/><line number="290" hits="144115188075855872"/><line number="291" hits="0"/><line number="292" hits="0"/><line number="293" hits="0"/><line number="297" hits="216172782113783808"/><line number="298" hits="0"/><line number="300" hits="288230376151711744"/><line number="302" hits="216172782113783808"/><line number="303" hits="360287970189639680"/><line number="304" hits="288230376151711744"/><line number="305" hits="288230376151711744"/><line number="310" hits="216172782113783808"/><line number="311" hits="216172782113783808"/><line number="312" hits="144115188075855872"/><line number="313" hits="72057594037927936"/><line number="314" hits="72057594037927936"/><line number="316" hits="144115188075855872"/><line number="319" hits="72057594037927936"/><line number="320" hits="72057594037927936"/><line number="324" hits="144115188075855872"/><line number="325" hits="216172782113783808"/><line number="326" hits="144115188075855872"/><line number="328" hits="216172782113783808"/><line number="329" hits="216172782113783808"/><line number="330" hits="144115188075855872"/><line number="331" hits="360287970189639680"/><line number="333" hits="216172782113783808"/><line number="334" hits="288230376151711744"/><line number="335" hits="144115188075855872"/><line number="336" hits="216172782113783808"/><line number="337" hits="216172782113783808"/><line number="339" hits="216172782113783808"/><line number="340" hits="72057594037927936"/><line number="343" hits="0"/><line number="347" hits="0"/><line number="348" hits="0"/><line number="349" hits="0"/><line number="351" hits="0"/><line number="352" hits="0"/><line number="353" hits="0"/><line number="354" hits="0"/><line number="355" hits="0"/><line number="357" hits="0"/><line number="358" hits="0"/><line number="359" hits="0"/><line number="360" hits="0"/><line number="361" hits="0"/><line number="363" hits="0"/><line number="364" hits="0"/><line number="370" hits="144115188075855872"/><line number="371" hits="288230376151711744"/><line number="372" hits="288230376151711744"/><line number="373" hits="144115188075855872"/><line number="374" hits="72057594037927936"/><line number="378" hits="216172782113783808"/><line number="379" hits="144115188075855872"/><line number="380" hits="0"/><line number="381" hits="0"/><line number="382" hits="0"/><line number="385" hits="72057594037927936"/><line number="386" hits="72057594037927936"/><line number="387" hits="0"/><line number="390" hits="144115188075855872"/><line number="391" hits="0"/><line number="392" hits="0"/><line number="393" hits="0"/><line number="395" hits="144115188075855872"/><line number="396" hits="288230376151711744"/><line number="397" hits="288230376151711744"/><line number="398" hits="144115188075855872"/><line number="400" hits="288230376151711744"/><line number="404" hits="0"/><line number="407" hits="0"/><line number="410" hits="0"/><line number="411" hits="0"/><line number="412" hits="0"/><line number="413" hits="0"/><line number="414" hits="0"/><line number="416" hits="0"/><line number="417" hits="0"/><line number="418" hits="0"/><line number="419" hits="0"/><line number="420" hits="0"/><line number="421" hits="0"/><line number="422" hits="0"/><line number="423" hits="0"/><line number="425" hits="0"/><line number="427" hits="0"/><line number="428" hits="0"/><line number="429" hits="0"/><line number="433" hits="0"/><line number="434" hits="0"/><line number="435" hits="0"/><line number="436" hits="0"/><line number="437" hits="0"/><line number="439" hits="0"/><line number="440" hits="0"/><line number="443" hits="0"/><line number="444" hits="0"/><line number="445" hits="0"/><line number="448" hits="0"/><line number="449" hits="0"/><line number="450" hits="0"/><line number="453" hits="0"/><line number="454" hits="0"/><line number="455" hits="0"/><line number="458" hits="0"/><line number="459" hits="0"/><line number="462" hits="0"/><line number="463" hits="0"/><line number="466" hits="0"/><line number="469" hits="0"/><line number="471" hits="0"/><line number="479" hits="0"/><line number="480" hits="0"/><line number="482" hits="0"/><line number="483" hits="0"/><line number="485" hits="0"/><line number="489" hits="0"/><line number="497" hits="0"/><line number="505" hits="0"/><line number="507" hits="0"/><line number="511" hits="0"/><line number="512" hits="0"/><line number="516" hits="288230376151711744"/><line number="517" hits="504403158265495552"/><line number="518" hits="432345564227567616"/><line number="519" hits="1297036692682702848"/><line number="521" hits="216172782113783808"/><line number="522" hits="288230376151711744"/><line number="523" hits="144115188075855872"/><line number="524" hits="288230376151711744"/><line number="525" hits="72057594037927936"/><line number="526" hits="288230376151711744"/><line number="528" hits="0"/><line number="531" hits="144115188075855872"/><line number="551" hits="0"/><line number="555" hits="0"/><line number="556" hits="0"/><line number="557" hits="0"/><line number="558" hits="0"/><line number="559" hits="0"/><line number="560" hits="0"/><line number="561" hits="0"/><line number="562" hits="0"/><line number="563" hits="0"/><line number="565" hits="0"/><line number="567" hits="0"/><line number="568" hits="0"/><line number="570" hits="0"/><line number="571" hits="0"/><line number="573" hits="0"/><line number="576" hits="0"/><line number="577" hits="0"/><line number="578" hits="0"/><line number="579" hits="0"/><line number="581" hits="0"/><line number="583" hits="0"/><line number="584" hits="0"/><line number="586" hits="0"/><line number="610" hits="0"/><line number="613" hits="0"/><line number="614" hits="0"/><line number="615" hits="0"/><line number="616" hits="0"/><line number="617" hits="0"/><line number="619" hits="0"/><line number="623" hits="0"/><line number="624" hits="0"/><line number="626" hits="0"/><line number="627" hits="0"/><line number="628" hits="0"/><line number="631" hits="0"/><line number="632" hits="0"/><line number="633" hits="0"/><line number="636" hits="0"/><line number="637" hits="0"/><line number="641" hits="0"/><line number="642" hits="0"/><line number="643" hits="0"/><line number="646" hits="0"/><line number="647" hits="0"/><line number="648" hits="0"/><line number="651" hits="0"/><line number="653" hits="0"/><line number="654" hits="0"/><line number="656" hits="0"/><line number="660" hits="0"/><line number="661" hits="0"/><line number="662" hits="0"/><line number="667" hits="0"/><line number="668" hits="0"/><line number="670" hits="0"/><line number="671" hits="0"/><line number="673" hits="0"/><line number="674" hits="0"/><line number="676" hits="0"/><line number="679" hits="0"/><line number="681" hits="0"/><line number="682" hits="0"/><line number="687" hits="0"/><line number="690" hits="0"/><line number="691" hits="0"/><line number="693" hits="0"/><line number="699" hits="0"/><line number="700" hits="0"/><line number="703" hits="0"/><line number="704" hits="0"/><line number="705" hits="0"/><line number="708" hits="0"/><line number="709" hits="0"/><line number="713" hits="0"/><line number="714" hits="0"/><line number="715" hits="0"/><line number="716" hits="0"/><line number="717" hits="0"/><line number="718" hits="0"/><line number="720" hits="0"/><line number="721" hits="0"/><line number="722" hits="0"/><line number="723" hits="0"/><line number="724" hits="0"/><line number="728" hits="0"/><line number="729" hits="0"/><line number="730" hits="0"/><line number="731" hits="0"/><line number="732" hits="0"/><line number="733" hits="0"/><line number="735" hits="0"/><line number="736" hits="0"/><line number="738" hits="0"/><line number="739" hits="0"/><line number="740" hits="0"/><line number="741" hits="0"/><line number="742" hits="0"/><line number="747" hits="0"/><line number="748" hits="0"/><line number="752" hits="72057594037927936"/><line number="758" hits="216172782113783808"/><line number="761" hits="144115188075855872"/><line number="762" hits="144115188075855872"/><line number="763" hits="288230376151711744"/><line number="765" hits="216172782113783808"/><line number="766" hits="144115188075855872"/><line number="767" hits="144115188075855872"/><line number="768" hits="72057594037927936"/><line number="770" hits="144115188075855872"/><line number="773" hits="144115188075855872"/><line number="776" hits="216172782113783808"/><line number="777" hits="216172782113783808"/><line number="778" hits="288230376151711744"/><line number="781" hits="504403158265495552"/><line number="782" hits="288230376151711744"/><line number="783" hits="432345564227567616"/><line number="784" hits="720575940379279360"/><line number="785" hits="576460752303423488"/><line number="789" hits="576460752303423488"/><line number="790" hits="216172782113783808"/><line number="791" hits="144115188075855872"/><line number="792" hits="0"/><line number="793" hits="72057594037927936"/><line number="794" hits="72057594037927936"/><line number="799" hits="0"/><line number="803" hits="216172782113783808"/><line number="804" hits="360287970189639680"/><line number="806" hits="72057594037927936"/><line number="807" hits="144115188075855872"/><line number="808" hits="72057594037927936"/><line number="812" hits="360287970189639680"/><line number="815" hits="144115188075855872"/><line number="816" hits="72057594037927936"/><line number="821" hits="0"/><line number="823" hits="216172782113783808"/><line number="824" hits="288230376151711744"/><line number="825" hits="288230376151711744"/><line number="826" hits="144115188075855872"/><line number="827" hits="288230376151711744"/></lines></class><class name="rate_limit" filename="src\rate_limit.rs" line-rate="0.8387096774193549" branch-rate="0" complexity="0"><methods/><lines><line number="23" hits="360287970189639680"/><line number="26" hits="360287970189639680"/><line number="27" hits="360287970189639680"/><line number="34" hits="72057594037927936"/><line number="41" hits="216172782113783808"/><line number="42" hits="72057594037927936"/><line number="54" hits="1585267068834414592"/><line number="55" hits="1585267068834414592"/><line number="58" hits="792633534417207296"/><line number="59" hits="4683743612465315840"/><line number="63" hits="792633534417207296"/><line number="64" hits="792633534417207296"/><line number="66" hits="0"/><line number="67" hits="0"/><line number="69" hits="0"/><line number="73" hits="1585267068834414592"/><line number="75" hits="144115188075855872"/><line number="76" hits="288230376151711744"/><line number="77" hits="72057594037927936"/><line number="78" hits="144115188075855872"/><line number="79" hits="144115188075855872"/><line number="81" hits="144115188075855872"/><line number="82" hits="72057594037927936"/><line number="83" hits="504403158265495552"/><line number="89" hits="2377900603251621888"/><line number="90" hits="792633534417207296"/><line number="94" hits="792633534417207296"/><line number="95" hits="1585267068834414592"/><line number="96" hits="792633534417207296"/><line number="102" hits="0"/><line number="103" hits="0"/></lines></class><class name="validation" filename="src\validation.rs" line-rate="0.8775510204081632" branch-rate="0" complexity="0"><methods/><lines><line number="26" hits="9727775195120271360"/><line number="27" hits="10736581511651262464"/><line number="29" hits="1008806316530991104"/><line number="30" hits="1873497444986126336"/><line number="33" hits="8791026472627208192"/><line number="34" hits="0"/><line number="35" hits="0"/><line number="40" hits="8791026472627208192"/><line number="41" hits="576460752303423488"/><line number="42" hits="576460752303423488"/><line number="44" hits="1152921504606846976"/><line number="49" hits="6196953087261802496"/><line number="52" hits="16429131440647569408"/><line number="53" hits="5044031582654955520"/><line number="54" hits="5044031582654955520"/><line number="59" hits="3170534137668829184"/><line number="71" hits="2666130979403333632"/><line number="72" hits="7998392938210000896"/><line number="74" hits="5332261958806667264"/><line number="75" hits="1008806316530991104"/><line number="78" hits="2161727821137838080"/><line number="79" hits="0"/><line number="80" hits="0"/><line number="85" hits="2161727821137838080"/><line number="86" hits="432345564227567616"/><line number="87" hits="432345564227567616"/><line number="89" hits="864691128455135232"/><line number="93" hits="1729382256910270464"/><line number="105" hits="2810246167479189504"/><line number="106" hits="8430738502437568512"/><line number="108" hits="5620492334958379008"/><line number="109" hits="1152921504606846976"/><line number="112" hits="2233785415175766016"/><line number="113" hits="0"/><line number="114" hits="0"/><line number="119" hits="2233785415175766016"/><line number="120" hits="360287970189639680"/><line number="121" hits="360287970189639680"/><line number="123" hits="720575940379279360"/><line number="127" hits="1873497444986126336"/><line number="142" hits="1945555039024054272"/><line number="143" hits="5836665117072162816"/><line number="145" hits="3891110078048108544"/><line number="146" hits="720575940379279360"/><line number="149" hits="1585267068834414592"/><line number="150" hits="1152921504606846976"/><line number="153" hits="1008806316530991104"/><line number="154" hits="432345564227567616"/><line number="157" hits="792633534417207296"/></lines></class></classes></package></packages></coverage>